<?xml version="1.0" ?>
<coverage version="6.2" timestamp="1643055775037" lines-valid="229" lines-covered="208" line-rate="0.9083" branches-covered="0" branches-valid="0" branch-rate="0" complexity="0">
	<!-- Generated by coverage.py: https://coverage.readthedocs.io -->
	<!-- Based on https://raw.githubusercontent.com/cobertura/web/master/htdocs/xml/coverage-04.dtd -->
	<sources>
		<source>/home/codebind/codebase/BigData/spark/python/app-nyc-taxi-analyzer</source>
	</sources>
	<packages>
		<package name="src" line-rate="1" branch-rate="0" complexity="0">
			<classes>
				<class name="__init__.py" filename="src/__init__.py" complexity="0" line-rate="1" branch-rate="0">
					<methods/>
					<lines/>
				</class>
			</classes>
		</package>
		<package name="src.jobs" line-rate="0.9135" branch-rate="0" complexity="0">
			<classes>
				<class name="__init__.py" filename="src/jobs/__init__.py" complexity="0" line-rate="1" branch-rate="0">
					<methods/>
					<lines/>
				</class>
				<class name="extract.py" filename="src/jobs/extract.py" complexity="0" line-rate="1" branch-rate="0">
					<methods/>
					<lines>
						<line number="2" hits="1"/>
						<line number="3" hits="1"/>
						<line number="6" hits="1"/>
						<line number="18" hits="1"/>
						<line number="19" hits="1"/>
						<line number="21" hits="1"/>
						<line number="22" hits="1"/>
						<line number="23" hits="1"/>
						<line number="25" hits="1"/>
						<line number="27" hits="1"/>
						<line number="28" hits="1"/>
						<line number="30" hits="1"/>
					</lines>
				</class>
				<class name="load.py" filename="src/jobs/load.py" complexity="0" line-rate="0.8333" branch-rate="0">
					<methods/>
					<lines>
						<line number="2" hits="1"/>
						<line number="4" hits="1"/>
						<line number="7" hits="1"/>
						<line number="16" hits="1"/>
						<line number="17" hits="0"/>
						<line number="18" hits="1"/>
					</lines>
				</class>
				<class name="main.py" filename="src/jobs/main.py" complexity="0" line-rate="0.7674" branch-rate="0">
					<methods/>
					<lines>
						<line number="4" hits="1"/>
						<line number="5" hits="1"/>
						<line number="6" hits="1"/>
						<line number="7" hits="1"/>
						<line number="8" hits="1"/>
						<line number="14" hits="1"/>
						<line number="15" hits="1"/>
						<line number="18" hits="1"/>
						<line number="31" hits="1"/>
						<line number="34" hits="1"/>
						<line number="35" hits="1"/>
						<line number="36" hits="1"/>
						<line number="39" hits="1"/>
						<line number="40" hits="1"/>
						<line number="43" hits="1"/>
						<line number="47" hits="1"/>
						<line number="52" hits="1"/>
						<line number="53" hits="0"/>
						<line number="56" hits="1"/>
						<line number="57" hits="1"/>
						<line number="58" hits="1"/>
						<line number="61" hits="1"/>
						<line number="62" hits="1"/>
						<line number="65" hits="1"/>
						<line number="69" hits="1"/>
						<line number="74" hits="1"/>
						<line number="75" hits="0"/>
						<line number="78" hits="1"/>
						<line number="86" hits="1"/>
						<line number="95" hits="1"/>
						<line number="101" hits="1"/>
						<line number="104" hits="1"/>
						<line number="107" hits="1"/>
						<line number="112" hits="1"/>
						<line number="113" hits="1"/>
						<line number="124" hits="0"/>
						<line number="125" hits="0"/>
						<line number="127" hits="0"/>
						<line number="128" hits="0"/>
						<line number="130" hits="0"/>
						<line number="131" hits="0"/>
						<line number="132" hits="0"/>
						<line number="134" hits="0"/>
					</lines>
				</class>
				<class name="transform.py" filename="src/jobs/transform.py" complexity="0" line-rate="0.9275" branch-rate="0">
					<methods/>
					<lines>
						<line number="3" hits="1"/>
						<line number="4" hits="1"/>
						<line number="11" hits="1"/>
						<line number="12" hits="1"/>
						<line number="15" hits="1"/>
						<line number="25" hits="1"/>
						<line number="26" hits="1"/>
						<line number="30" hits="1"/>
						<line number="31" hits="1"/>
						<line number="36" hits="1"/>
						<line number="48" hits="1"/>
						<line number="51" hits="1"/>
						<line number="54" hits="1"/>
						<line number="63" hits="1"/>
						<line number="65" hits="1"/>
						<line number="72" hits="1"/>
						<line number="74" hits="1"/>
						<line number="80" hits="1"/>
						<line number="84" hits="1"/>
						<line number="85" hits="1"/>
						<line number="89" hits="1"/>
						<line number="92" hits="1"/>
						<line number="97" hits="1"/>
						<line number="99" hits="1"/>
						<line number="101" hits="1"/>
						<line number="111" hits="1"/>
						<line number="122" hits="1"/>
						<line number="125" hits="1"/>
						<line number="139" hits="1"/>
						<line number="150" hits="1"/>
						<line number="153" hits="1"/>
						<line number="164" hits="1"/>
						<line number="167" hits="1"/>
						<line number="187" hits="1"/>
						<line number="201" hits="1"/>
						<line number="204" hits="1"/>
						<line number="209" hits="1"/>
						<line number="213" hits="1"/>
						<line number="214" hits="1"/>
						<line number="221" hits="1"/>
						<line number="224" hits="1"/>
						<line number="227" hits="1"/>
						<line number="232" hits="1"/>
						<line number="240" hits="1"/>
						<line number="242" hits="1"/>
						<line number="249" hits="1"/>
						<line number="265" hits="1"/>
						<line number="276" hits="1"/>
						<line number="281" hits="1"/>
						<line number="292" hits="1"/>
						<line number="295" hits="1"/>
						<line number="306" hits="1"/>
						<line number="308" hits="1"/>
						<line number="309" hits="1"/>
						<line number="311" hits="1"/>
						<line number="312" hits="1"/>
						<line number="315" hits="1"/>
						<line number="317" hits="1"/>
						<line number="321" hits="1"/>
						<line number="331" hits="1"/>
						<line number="344" hits="0"/>
						<line number="349" hits="1"/>
						<line number="363" hits="0"/>
						<line number="368" hits="1"/>
						<line number="380" hits="0"/>
						<line number="383" hits="1"/>
						<line number="396" hits="0"/>
						<line number="399" hits="1"/>
						<line number="410" hits="0"/>
					</lines>
				</class>
				<class name="transform_trip_data.py" filename="src/jobs/transform_trip_data.py" complexity="0" line-rate="1" branch-rate="0">
					<methods/>
					<lines>
						<line number="4" hits="1"/>
						<line number="5" hits="1"/>
						<line number="6" hits="1"/>
						<line number="9" hits="1"/>
						<line number="14" hits="1"/>
						<line number="19" hits="1"/>
						<line number="22" hits="1"/>
						<line number="32" hits="1"/>
						<line number="35" hits="1"/>
						<line number="45" hits="1"/>
						<line number="48" hits="1"/>
						<line number="54" hits="1"/>
						<line number="59" hits="1"/>
						<line number="62" hits="1"/>
						<line number="72" hits="1"/>
						<line number="75" hits="1"/>
						<line number="79" hits="1"/>
						<line number="82" hits="1"/>
						<line number="90" hits="1"/>
						<line number="92" hits="1"/>
						<line number="95" hits="1"/>
						<line number="103" hits="1"/>
						<line number="105" hits="1"/>
						<line number="108" hits="1"/>
						<line number="116" hits="1"/>
						<line number="118" hits="1"/>
					</lines>
				</class>
				<class name="transform_weather_data.py" filename="src/jobs/transform_weather_data.py" complexity="0" line-rate="1" branch-rate="0">
					<methods/>
					<lines>
						<line number="4" hits="1"/>
						<line number="5" hits="1"/>
						<line number="6" hits="1"/>
						<line number="7" hits="1"/>
						<line number="10" hits="1"/>
						<line number="14" hits="1"/>
						<line number="19" hits="1"/>
						<line number="22" hits="1"/>
						<line number="28" hits="1"/>
						<line number="33" hits="1"/>
						<line number="38" hits="1"/>
						<line number="41" hits="1"/>
						<line number="51" hits="1"/>
						<line number="54" hits="1"/>
						<line number="64" hits="1"/>
						<line number="71" hits="1"/>
						<line number="73" hits="1"/>
						<line number="76" hits="1"/>
						<line number="84" hits="1"/>
						<line number="87" hits="1"/>
						<line number="104" hits="1"/>
						<line number="112" hits="1"/>
						<line number="114" hits="1"/>
						<line number="123" hits="1"/>
						<line number="131" hits="1"/>
						<line number="133" hits="1"/>
						<line number="142" hits="1"/>
						<line number="150" hits="1"/>
						<line number="152" hits="1"/>
					</lines>
				</class>
			</classes>
		</package>
		<package name="src.jobs.utils" line-rate="0.8864" branch-rate="0" complexity="0">
			<classes>
				<class name="__init__.py" filename="src/jobs/utils/__init__.py" complexity="0" line-rate="1" branch-rate="0">
					<methods/>
					<lines/>
				</class>
				<class name="general.py" filename="src/jobs/utils/general.py" complexity="0" line-rate="1" branch-rate="0">
					<methods/>
					<lines>
						<line number="2" hits="1"/>
						<line number="3" hits="1"/>
						<line number="4" hits="1"/>
						<line number="7" hits="1"/>
						<line number="10" hits="1"/>
						<line number="11" hits="1"/>
						<line number="12" hits="1"/>
						<line number="15" hits="1"/>
						<line number="28" hits="1"/>
						<line number="31" hits="1"/>
						<line number="36" hits="1"/>
						<line number="44" hits="1"/>
						<line number="47" hits="1"/>
						<line number="58" hits="1"/>
						<line number="59" hits="1"/>
						<line number="60" hits="1"/>
						<line number="63" hits="1"/>
					</lines>
				</class>
				<class name="log_utils.py" filename="src/jobs/utils/log_utils.py" complexity="0" line-rate="0.8148" branch-rate="0">
					<methods/>
					<lines>
						<line number="2" hits="1"/>
						<line number="3" hits="1"/>
						<line number="5" hits="1"/>
						<line number="8" hits="1"/>
						<line number="11" hits="1"/>
						<line number="24" hits="1"/>
						<line number="25" hits="1"/>
						<line number="26" hits="1"/>
						<line number="27" hits="1"/>
						<line number="28" hits="1"/>
						<line number="29" hits="1"/>
						<line number="31" hits="1"/>
						<line number="33" hits="1"/>
						<line number="34" hits="1"/>
						<line number="35" hits="1"/>
						<line number="36" hits="1"/>
						<line number="38" hits="1"/>
						<line number="48" hits="1"/>
						<line number="49" hits="1"/>
						<line number="50" hits="1"/>
						<line number="51" hits="0"/>
						<line number="52" hits="0"/>
						<line number="53" hits="0"/>
						<line number="54" hits="0"/>
						<line number="56" hits="0"/>
						<line number="57" hits="1"/>
						<line number="58" hits="1"/>
					</lines>
				</class>
			</classes>
		</package>
	</packages>
</coverage>
